# JRE version: Java(TM) SE Runtime Environment (13.0.2+8) (build 13.0.2+8)
# Java VM: Java HotSpot(TM) 64-Bit Server VM (13.0.2+8, mixed mode, sharing, tiered, compressed oops, g1 gc, windows-amd64)
Heap:
 garbage-first heap   total 71680K, used 34529K [0x0000000683a00000, 0x0000000800000000)
  region size 1024K, 26 young (26624K), 9 survivors (9216K)
 Metaspace       used 37094K, capacity 38318K, committed 38428K, reserved 1083392K
  class space    used 4706K, capacity 5199K, committed 5244K, reserved 1048576K
GC Heap History (14 events):
Event: 0.486 GC heap before
{Heap before GC invocations=0 (full 0):
 garbage-first heap   total 391168K, used 23552K [0x0000000683a00000, 0x0000000800000000)
  region size 1024K, 24 young (24576K), 0 survivors (0K)
 Metaspace       used 4418K, capacity 6652K, committed 6912K, reserved 1056768K
  class space    used 481K, capacity 689K, committed 768K, reserved 1048576K
}
Event: 0.490 GC heap after
{Heap after GC invocations=1 (full 0):
 garbage-first heap   total 391168K, used 5527K [0x0000000683a00000, 0x0000000800000000)
  region size 1024K, 3 young (3072K), 3 survivors (3072K)
 Metaspace       used 4418K, capacity 6652K, committed 6912K, reserved 1056768K
  class space    used 481K, capacity 689K, committed 768K, reserved 1048576K
}
Event: 0.938 GC heap before
{Heap before GC invocations=1 (full 0):
 garbage-first heap   total 391168K, used 55703K [0x0000000683a00000, 0x0000000800000000)
  region size 1024K, 52 young (53248K), 3 survivors (3072K)
 Metaspace       used 14157K, capacity 14886K, committed 14976K, reserved 1062912K
  class space    used 1772K, capacity 1917K, committed 1920K, reserved 1048576K
}
Event: 0.941 GC heap after
{Heap after GC invocations=2 (full 0):
 garbage-first heap   total 391168K, used 7538K [0x0000000683a00000, 0x0000000800000000)
  region size 1024K, 5 young (5120K), 5 survivors (5120K)
 Metaspace       used 14157K, capacity 14886K, committed 14976K, reserved 1062912K
  class space    used 1772K, capacity 1917K, committed 1920K, reserved 1048576K
}
Event: 1.517 GC heap before
{Heap before GC invocations=2 (full 0):
 garbage-first heap   total 391168K, used 71026K [0x0000000683a00000, 0x0000000800000000)
  region size 1024K, 67 young (68608K), 5 survivors (5120K)
 Metaspace       used 17196K, capacity 17775K, committed 18048K, reserved 1064960K
  class space    used 2090K, capacity 2322K, committed 2432K, reserved 1048576K
}
Event: 1.522 GC heap after
{Heap after GC invocations=3 (full 0):
 garbage-first heap   total 391168K, used 10076K [0x0000000683a00000, 0x0000000800000000)
  region size 1024K, 5 young (5120K), 5 survivors (5120K)
 Metaspace       used 17196K, capacity 17775K, committed 18048K, reserved 1064960K
  class space    used 2090K, capacity 2322K, committed 2432K, reserved 1048576K
}
Event: 2.177 GC heap before
{Heap before GC invocations=3 (full 0):
 garbage-first heap   total 391168K, used 96092K [0x0000000683a00000, 0x0000000800000000)
  region size 1024K, 89 young (91136K), 5 survivors (5120K)
 Metaspace       used 18449K, capacity 19033K, committed 19200K, reserved 1067008K
  class space    used 2243K, capacity 2475K, committed 2560K, reserved 1048576K
}
Event: 2.181 GC heap after
{Heap after GC invocations=4 (full 0):
 garbage-first heap   total 391168K, used 10545K [0x0000000683a00000, 0x0000000800000000)
  region size 1024K, 5 young (5120K), 5 survivors (5120K)
 Metaspace       used 18449K, capacity 19033K, committed 19200K, reserved 1067008K
  class space    used 2243K, capacity 2475K, committed 2560K, reserved 1048576K
}
Event: 2.524 GC heap before
{Heap before GC invocations=4 (full 0):
 garbage-first heap   total 391168K, used 27953K [0x0000000683a00000, 0x0000000800000000)
  region size 1024K, 23 young (23552K), 5 survivors (5120K)
 Metaspace       used 20622K, capacity 21196K, committed 21248K, reserved 1067008K
  class space    used 2557K, capacity 2808K, committed 2816K, reserved 1048576K
}
Event: 2.532 GC heap after
{Heap after GC invocations=5 (full 0):
 garbage-first heap   total 391168K, used 11586K [0x0000000683a00000, 0x0000000800000000)
  region size 1024K, 6 young (6144K), 6 survivors (6144K)
 Metaspace       used 20622K, capacity 21196K, committed 21248K, reserved 1067008K
  class space    used 2557K, capacity 2808K, committed 2816K, reserved 1048576K
}
Event: 2.945 GC heap before
{Heap before GC invocations=6 (full 0):
 garbage-first heap   total 45056K, used 32066K [0x0000000683a00000, 0x0000000800000000)
  region size 1024K, 26 young (26624K), 6 survivors (6144K)
 Metaspace       used 23454K, capacity 24167K, committed 24316K, reserved 1071104K
  class space    used 2932K, capacity 3228K, committed 3324K, reserved 1048576K
}
Event: 2.952 GC heap after
{Heap after GC invocations=7 (full 0):
 garbage-first heap   total 218112K, used 13354K [0x0000000683a00000, 0x0000000800000000)
  region size 1024K, 4 young (4096K), 4 survivors (4096K)
 Metaspace       used 23454K, capacity 24167K, committed 24316K, reserved 1071104K
  class space    used 2932K, capacity 3228K, committed 3324K, reserved 1048576K
}
Event: 4.577 GC heap before
{Heap before GC invocations=7 (full 0):
 garbage-first heap   total 218112K, used 116778K [0x0000000683a00000, 0x0000000800000000)
  region size 1024K, 106 young (108544K), 4 survivors (4096K)
 Metaspace       used 34807K, capacity 35910K, committed 36048K, reserved 1081344K
  class space    used 4385K, capacity 4801K, committed 4860K, reserved 1048576K
}
Event: 4.586 GC heap after
{Heap after GC invocations=8 (full 0):
 garbage-first heap   total 218112K, used 18145K [0x0000000683a00000, 0x0000000800000000)
  region size 1024K, 9 young (9216K), 9 survivors (9216K)
 Metaspace       used 34807K, capacity 35910K, committed 36048K, reserved 1081344K
  class space    used 4385K, capacity 4801K, committed 4860K, reserved 1048576K
}

